<?xml version="1.0" encoding="UTF-8"?>
<testsuite xmlns:xsi="http://www.w3.org/2001/XMLSchema-instance" xsi:noNamespaceSchemaLocation="https://maven.apache.org/surefire/maven-surefire-plugin/xsd/surefire-test-report-3.0.xsd" version="3.0" name="com.moneymanager.service.TransactionServiceTest" time="0.014" tests="16" errors="0" skipped="0" failures="0">
  <properties>
[...]
</properties>
  <testcase name="delete_callsRepo" classname="com.moneymanager.service.TransactionServiceTest" time="0.001"/>
  <testcase name="add_futureDate_throws" classname="com.moneymanager.service.TransactionServiceTest" time="0.001"/>
  <testcase name="add_nullAmount_throws" classname="com.moneymanager.service.TransactionServiceTest" time="0.001"/>
  <testcase name="add_validExpense_savesAndReturnsDto" classname="com.moneymanager.service.TransactionServiceTest" time="0.0"/>
  <testcase name="add_blankName_throws" classname="com.moneymanager.service.TransactionServiceTest" time="0.001"/>
  <testcase name="add_invalidTxType_throws" classname="com.moneymanager.service.TransactionServiceTest" time="0.0"/>
  <testcase name="add_nullTxType_throws" classname="com.moneymanager.service.TransactionServiceTest" time="0.0"/>
  <testcase name="update_invalidDto_throwsBeforeRepoCall" classname="com.moneymanager.service.TransactionServiceTest" time="0.001"/>
  <testcase name="add_validIncome_accepted" classname="com.moneymanager.service.TransactionServiceTest" time="0.0"/>
  <testcase name="add_nullName_throws" classname="com.moneymanager.service.TransactionServiceTest" time="0.0"/>
  <testcase name="add_blankCategory_throws" classname="com.moneymanager.service.TransactionServiceTest" time="0.001"/>
  <testcase name="add_zeroAmount_throws" classname="com.moneymanager.service.TransactionServiceTest" time="0.001"/>
  <testcase name="add_todayDate_accepted" classname="com.moneymanager.service.TransactionServiceTest" time="0.001"/>
  <testcase name="add_negativeAmount_throws" classname="com.moneymanager.service.TransactionServiceTest" time="0.001"/>
  <testcase name="add_nullDate_throws" classname="com.moneymanager.service.TransactionServiceTest" time="0.001"/>
  <testcase name="update_valid_delegatesToRepo" classname="com.moneymanager.service.TransactionServiceTest" time="0.0"/>
</testsuite>