<?xml version="1.0" encoding="UTF-8"?>
<testsuite xmlns:xsi="http://www.w3.org/2001/XMLSchema-instance" xsi:noNamespaceSchemaLocation="https://maven.apache.org/surefire/maven-surefire-plugin/xsd/surefire-test-report-3.0.xsd" version="3.0" name="com.moneymanager.service.GoalServiceTest" time="0.033" tests="23" errors="0" skipped="0" failures="0">
  <properties>
[...]
</properties>
  <testcase name="addContribution_zeroAmount_throws" classname="com.moneymanager.service.GoalServiceTest" time="0.001"/>
  <testcase name="getGoals_72Percent_progressCorrect" classname="com.moneymanager.service.GoalServiceTest" time="0.001"/>
  <testcase name="updateGoal_invalidTarget_throwsBeforeRepo" classname="com.moneymanager.service.GoalServiceTest" time="0.001"/>
  <testcase name="addGoal_blankName_throws" classname="com.moneymanager.service.GoalServiceTest" time="0.001"/>
  <testcase name="getGoals_noGoals_returnsEmptyList" classname="com.moneymanager.service.GoalServiceTest" time="0.0"/>
  <testcase name="addGoal_valid_savesGoal" classname="com.moneymanager.service.GoalServiceTest" time="0.002"/>
  <testcase name="addGoal_zeroTarget_throws" classname="com.moneymanager.service.GoalServiceTest" time="0.0"/>
  <testcase name="getGoals_deadlinePropagated" classname="com.moneymanager.service.GoalServiceTest" time="0.0"/>
  <testcase name="addGoal_negativeTarget_throws" classname="com.moneymanager.service.GoalServiceTest" time="0.001"/>
  <testcase name="addContribution_valid_callsRepo" classname="com.moneymanager.service.GoalServiceTest" time="0.0"/>
  <testcase name="addContribution_nullAmount_throws" classname="com.moneymanager.service.GoalServiceTest" time="0.0"/>
  <testcase name="addGoal_whitespaceInName_trimmed" classname="com.moneymanager.service.GoalServiceTest" time="0.001"/>
  <testcase name="updateGoal_valid_callsRepo" classname="com.moneymanager.service.GoalServiceTest" time="0.001"/>
  <testcase name="addContribution_nullNote_accepted" classname="com.moneymanager.service.GoalServiceTest" time="0.001"/>
  <testcase name="addContribution_negativeAmount_throws" classname="com.moneymanager.service.GoalServiceTest" time="0.001"/>
  <testcase name="deleteGoal_callsRepo" classname="com.moneymanager.service.GoalServiceTest" time="0.001"/>
  <testcase name="getContributions_returnsEmptyListWhenNone" classname="com.moneymanager.service.GoalServiceTest" time="0.001"/>
  <testcase name="addGoal_withDeadline_deadlineStored" classname="com.moneymanager.service.GoalServiceTest" time="0.005"/>
  <testcase name="addGoal_nullName_throws" classname="com.moneymanager.service.GoalServiceTest" time="0.001"/>
  <testcase name="getGoals_returnsAllGoalDtos" classname="com.moneymanager.service.GoalServiceTest" time="0.0"/>
  <testcase name="updateGoal_invalidName_throwsBeforeRepo" classname="com.moneymanager.service.GoalServiceTest" time="0.002"/>
  <testcase name="getGoals_goalCompleted_100Percent" classname="com.moneymanager.service.GoalServiceTest" time="0.001"/>
  <testcase name="addGoal_nullTarget_throws" classname="com.moneymanager.service.GoalServiceTest" time="0.001"/>
</testsuite>