<?xml version="1.0" encoding="UTF-8"?>
<testsuite xmlns:xsi="http://www.w3.org/2001/XMLSchema-instance" xsi:noNamespaceSchemaLocation="https://maven.apache.org/surefire/maven-surefire-plugin/xsd/surefire-test-report-3.0.xsd" version="3.0" name="com.moneymanager.service.BudgetServiceTest" time="0.084" tests="27" errors="0" skipped="0" failures="0">
  <properties>
[...]
</properties>
  <testcase name="checkCategoryLimit_underCap_returnsNull" classname="com.moneymanager.service.BudgetServiceTest" time="0.016"/>
  <testcase name="setMonthlyBalance_zero_throws" classname="com.moneymanager.service.BudgetServiceTest" time="0.003"/>
  <testcase name="checkMonthlyBalanceLimit_exceedsBalance_returnsError" classname="com.moneymanager.service.BudgetServiceTest" time="0.004"/>
  <testcase name="add_nullCategory_throws" classname="com.moneymanager.service.BudgetServiceTest" time="0.001"/>
  <testcase name="add_nullCap_throws" classname="com.moneymanager.service.BudgetServiceTest" time="0.001"/>
  <testcase name="delete_callsRepo" classname="com.moneymanager.service.BudgetServiceTest" time="0.001"/>
  <testcase name="getCategoryWarning_noBudgetForCategory_returnsNull" classname="com.moneymanager.service.BudgetServiceTest" time="0.006"/>
  <testcase name="add_yearBefore2020_throws" classname="com.moneymanager.service.BudgetServiceTest" time="0.001"/>
  <testcase name="getCategoryWarning_between80And100_returnsAmberMessage" classname="com.moneymanager.service.BudgetServiceTest" time="0.001"/>
  <testcase name="updateCap_zeroCap_throws" classname="com.moneymanager.service.BudgetServiceTest" time="0.0"/>
  <testcase name="checkMonthlyBalanceLimit_noBalance_returnsNull" classname="com.moneymanager.service.BudgetServiceTest" time="0.0"/>
  <testcase name="checkMonthlyBalanceLimit_withinBalance_returnsNull" classname="com.moneymanager.service.BudgetServiceTest" time="0.001"/>
  <testcase name="updateCap_valid_doesNotThrow" classname="com.moneymanager.service.BudgetServiceTest" time="0.001"/>
  <testcase name="add_valid_savesbudget" classname="com.moneymanager.service.BudgetServiceTest" time="0.001"/>
  <testcase name="checkCategoryLimit_exactlyCap_returnsNull" classname="com.moneymanager.service.BudgetServiceTest" time="0.0"/>
  <testcase name="setMonthlyBalance_null_throws" classname="com.moneymanager.service.BudgetServiceTest" time="0.001"/>
  <testcase name="add_blankCategory_throws" classname="com.moneymanager.service.BudgetServiceTest" time="0.001"/>
  <testcase name="add_zeroCap_throws" classname="com.moneymanager.service.BudgetServiceTest" time="0.001"/>
  <testcase name="add_negativeCap_throws" classname="com.moneymanager.service.BudgetServiceTest" time="0.001"/>
  <testcase name="add_duplicateBudget_throws" classname="com.moneymanager.service.BudgetServiceTest" time="0.001"/>
  <testcase name="add_monthZero_throws" classname="com.moneymanager.service.BudgetServiceTest" time="0.001"/>
  <testcase name="add_invalidMonth_throws" classname="com.moneymanager.service.BudgetServiceTest" time="0.001"/>
  <testcase name="setMonthlyBalance_valid_savesBalance" classname="com.moneymanager.service.BudgetServiceTest" time="0.001"/>
  <testcase name="getCategoryWarning_below80Percent_returnsNull" classname="com.moneymanager.service.BudgetServiceTest" time="0.0"/>
  <testcase name="checkCategoryLimit_noBudget_returnsNull" classname="com.moneymanager.service.BudgetServiceTest" time="0.0"/>
  <testcase name="checkCategoryLimit_exceedsCap_returnsErrorMessage" classname="com.moneymanager.service.BudgetServiceTest" time="0.001"/>
  <testcase name="getCategoryWarning_at100Percent_returnsRedMessage" classname="com.moneymanager.service.BudgetServiceTest" time="0.001"/>
</testsuite>